This is pdfTeX, Version 3.141592653-2.6-1.40.25 (MiKTeX 23.10) (preloaded format=pdflatex 2023.12.17)  22 DEC 2023 16:34
entering extended mode
 restricted \write18 enabled.
 %&-line parsing enabled.
**./problema_de_transcal.tex
(problema_de_transcal.tex
LaTeX2e <2023-06-01> patch level 1
L3 programming layer <2023-08-29>
(C:\Users\paulo\AppData\Local\Programs\MiKTeX\tex/latex/base\article.cls
Document Class: article 2023/05/17 v1.4n Standard LaTeX document class
(C:\Users\paulo\AppData\Local\Programs\MiKTeX\tex/latex/base\size10.clo
File: size10.clo 2023/05/17 v1.4n Standard LaTeX file (size option)
)
\c@part=\count185
\c@section=\count186
\c@subsection=\count187
\c@subsubsection=\count188
\c@paragraph=\count189
\c@subparagraph=\count190
\c@figure=\count191
\c@table=\count192
\abovecaptionskip=\skip48
\belowcaptionskip=\skip49
\bibindent=\dimen140
)
(C:\Users\paulo\AppData\Local\Programs\MiKTeX\tex/latex/base\inputenc.sty
Package: inputenc 2021/02/14 v1.3d Input encoding file
\inpenc@prehook=\toks17
\inpenc@posthook=\toks18
)
(C:\Users\paulo\AppData\Local\Programs\MiKTeX\tex/latex/graphics\graphicx.sty
Package: graphicx 2021/09/16 v1.2d Enhanced LaTeX Graphics (DPC,SPQR)

(C:\Users\paulo\AppData\Local\Programs\MiKTeX\tex/latex/graphics\keyval.sty
Package: keyval 2022/05/29 v1.15 key=value parser (DPC)
\KV@toks@=\toks19
)
(C:\Users\paulo\AppData\Local\Programs\MiKTeX\tex/latex/graphics\graphics.sty
Package: graphics 2022/03/10 v1.4e Standard LaTeX Graphics (DPC,SPQR)

(C:\Users\paulo\AppData\Local\Programs\MiKTeX\tex/latex/graphics\trig.sty
Package: trig 2021/08/11 v1.11 sin cos tan (DPC)
)
(C:\Users\paulo\AppData\Local\Programs\MiKTeX\tex/latex/graphics-cfg\graphics.c
fg
File: graphics.cfg 2016/06/04 v1.11 sample graphics configuration
)
Package graphics Info: Driver file: pdftex.def on input line 107.

(C:\Users\paulo\AppData\Local\Programs\MiKTeX\tex/latex/graphics-def\pdftex.def
File: pdftex.def 2022/09/22 v1.2b Graphics/color driver for pdftex
))
\Gin@req@height=\dimen141
\Gin@req@width=\dimen142
)
(C:\Users\paulo\AppData\Local\Programs\MiKTeX\tex/latex/l3backend\l3backend-pdf
tex.def
File: l3backend-pdftex.def 2023-04-19 L3 backend support: PDF output (pdfTeX)
\l__color_backend_stack_int=\count193
\l__pdf_internal_box=\box51
) (problema_de_transcal.aux)
\openout1 = `problema_de_transcal.aux'.

LaTeX Font Info:    Checking defaults for OML/cmm/m/it on input line 12.
LaTeX Font Info:    ... okay on input line 12.
LaTeX Font Info:    Checking defaults for OMS/cmsy/m/n on input line 12.
LaTeX Font Info:    ... okay on input line 12.
LaTeX Font Info:    Checking defaults for OT1/cmr/m/n on input line 12.
LaTeX Font Info:    ... okay on input line 12.
LaTeX Font Info:    Checking defaults for T1/cmr/m/n on input line 12.
LaTeX Font Info:    ... okay on input line 12.
LaTeX Font Info:    Checking defaults for TS1/cmr/m/n on input line 12.
LaTeX Font Info:    ... okay on input line 12.
LaTeX Font Info:    Checking defaults for OMX/cmex/m/n on input line 12.
LaTeX Font Info:    ... okay on input line 12.
LaTeX Font Info:    Checking defaults for U/cmr/m/n on input line 12.
LaTeX Font Info:    ... okay on input line 12.

(C:\Users\paulo\AppData\Local\Programs\MiKTeX\tex/context/base/mkii\supp-pdf.mk
ii
[Loading MPS to PDF converter (version 2006.09.02).]
\scratchcounter=\count194
\scratchdimen=\dimen143
\scratchbox=\box52
\nofMPsegments=\count195
\nofMParguments=\count196
\everyMPshowfont=\toks20
\MPscratchCnt=\count197
\MPscratchDim=\dimen144
\MPnumerator=\count198
\makeMPintoPDFobject=\count199
\everyMPtoPDFconversion=\toks21
)
(C:\Users\paulo\AppData\Local\Programs\MiKTeX\tex/latex/epstopdf-pkg\epstopdf-b
ase.sty
Package: epstopdf-base 2020-01-24 v2.11 Base part for package epstopdf
Package epstopdf-base Info: Redefining graphics rule for `.eps' on input line 4
85.

(C:\Users\paulo\AppData\Local\Programs\MiKTeX\tex/latex/00miktex\epstopdf-sys.c
fg
File: epstopdf-sys.cfg 2021/03/18 v2.0 Configuration of epstopdf for MiKTeX
))
LaTeX Font Info:    External font `cmex10' loaded for size
(Font)              <12> on input line 13.
LaTeX Font Info:    External font `cmex10' loaded for size
(Font)              <8> on input line 13.
LaTeX Font Info:    External font `cmex10' loaded for size
(Font)              <6> on input line 13.
 [1

{C:/Users/paulo/AppData/Local/MiKTeX/fonts/map/pdftex/pdftex.map}]
(problema_de_transcal.toc)
\tf@toc=\write3
\openout3 = `problema_de_transcal.toc'.

 (problema_de_transcal.lof
LaTeX Font Info:    External font `cmex10' loaded for size
(Font)              <7> on input line 1.
LaTeX Font Info:    External font `cmex10' loaded for size
(Font)              <5> on input line 1.
)
\tf@lof=\write4
\openout4 = `problema_de_transcal.lof'.

 [2]
<problema.PNG, id=13, 257.16075pt x 284.86424pt>
File: problema.PNG Graphic file (type png)
<use problema.PNG>
Package pdftex.def Info: problema.PNG  used on input line 34.
(pdftex.def)             Requested size: 257.16011pt x 284.86354pt.
 [3 <./problema.PNG>]
<eq.PNG, id=20, 340.27126pt x 57.816pt>
File: eq.PNG Graphic file (type png)
<use eq.PNG>
Package pdftex.def Info: eq.PNG  used on input line 44.
(pdftex.def)             Requested size: 340.27042pt x 57.81584pt.
<cn.PNG, id=21, 329.43076pt x 71.0655pt>
File: cn.PNG Graphic file (type png)
<use cn.PNG>
Package pdftex.def Info: cn.PNG  used on input line 49.
(pdftex.def)             Requested size: 329.42995pt x 71.0653pt.
<eqtr.PNG, id=22, 260.172pt x 52.39575pt>
File: eqtr.PNG Graphic file (type png)
<use eqtr.PNG>
Package pdftex.def Info: eqtr.PNG  used on input line 54.
(pdftex.def)             Requested size: 260.17134pt x 52.39561pt.
<codigo.PNG, id=23, 906.9885pt x 486.618pt>
File: codigo.PNG Graphic file (type png)
<use codigo.PNG>
Package pdftex.def Info: codigo.PNG  used on input line 64.
(pdftex.def)             Requested size: 362.78897pt x 194.64374pt.

Overfull \hbox (17.78897pt too wide) in paragraph at lines 64--65
 [][] 
 []

[4 <./eq.PNG> <./cn.PNG> <./eqtr.PNG>]
<grafico.PNG, id=30, 942.4008pt x 490.4724pt>
File: grafico.PNG Graphic file (type png)
<use grafico.PNG>
Package pdftex.def Info: grafico.PNG  used on input line 76.
(pdftex.def)             Requested size: 376.95364pt x 196.18547pt.

Overfull \hbox (31.95364pt too wide) in paragraph at lines 76--77
 [][] 
 []

[5 <./codigo.PNG>] [6 <./grafico.PNG (PNG copy)>] (problema_de_transcal.aux)
 ***********
LaTeX2e <2023-06-01> patch level 1
L3 programming layer <2023-08-29>
 ***********
 ) 
Here is how much of TeX's memory you used:
 1401 strings out of 475248
 23804 string characters out of 5757812
 1923785 words of memory out of 5000000
 22952 multiletter control sequences out of 15000+600000
 562352 words of font info for 50 fonts, out of 8000000 for 9000
 1141 hyphenation exceptions out of 8191
 57i,7n,65p,992b,233s stack positions out of 10000i,1000n,20000p,200000b,200000s
 <C:\Users\paulo\AppData\Local\MiKTeX\fonts/pk/ljfour/jknappen/ec/dpi600\tcrm
1000.pk><C:/Users/paulo/AppData/Local/Programs/MiKTeX/fonts/type1/public/amsfon
ts/cm/cmbx10.pfb><C:/Users/paulo/AppData/Local/Programs/MiKTeX/fonts/type1/publ
ic/amsfonts/cm/cmbx12.pfb><C:/Users/paulo/AppData/Local/Programs/MiKTeX/fonts/t
ype1/public/amsfonts/cm/cmr10.pfb><C:/Users/paulo/AppData/Local/Programs/MiKTeX
/fonts/type1/public/amsfonts/cm/cmr12.pfb><C:/Users/paulo/AppData/Local/Program
s/MiKTeX/fonts/type1/public/amsfonts/cm/cmr17.pfb>
Output written on problema_de_transcal.pdf (6 pages, 409158 bytes).
PDF statistics:
 64 PDF objects out of 1000 (max. 8388607)
 0 named destinations out of 1000 (max. 500000)
 31 words of extra memory for PDF output out of 10000 (max. 10000000)

